Created by PLY version 3.11 (http://www.dabeaz.com/ply)

Grammar

Rule 0     S' -> registro
Rule 1     registro -> PACIENTE STRING CPF STRING CONSULTA DATA STRING CID STRING MEDICAMENTO STRING DOSAGEM STRING

Terminals, with rules where they appear

CID                  : 1
CONSULTA             : 1
CPF                  : 1
DATA                 : 1
DOSAGEM              : 1
MEDICAMENTO          : 1
PACIENTE             : 1
STRING               : 1 1 1 1 1 1
error                : 

Nonterminals, with rules where they appear

registro             : 0

Parsing method: LALR

state 0

    (0) S' -> . registro
    (1) registro -> . PACIENTE STRING CPF STRING CONSULTA DATA STRING CID STRING MEDICAMENTO STRING DOSAGEM STRING

    PACIENTE        shift and go to state 2

    registro                       shift and go to state 1

state 1

    (0) S' -> registro .



state 2

    (1) registro -> PACIENTE . STRING CPF STRING CONSULTA DATA STRING CID STRING MEDICAMENTO STRING DOSAGEM STRING

    STRING          shift and go to state 3


state 3

    (1) registro -> PACIENTE STRING . CPF STRING CONSULTA DATA STRING CID STRING MEDICAMENTO STRING DOSAGEM STRING

    CPF             shift and go to state 4


state 4

    (1) registro -> PACIENTE STRING CPF . STRING CONSULTA DATA STRING CID STRING MEDICAMENTO STRING DOSAGEM STRING

    STRING          shift and go to state 5


state 5

    (1) registro -> PACIENTE STRING CPF STRING . CONSULTA DATA STRING CID STRING MEDICAMENTO STRING DOSAGEM STRING

    CONSULTA        shift and go to state 6


state 6

    (1) registro -> PACIENTE STRING CPF STRING CONSULTA . DATA STRING CID STRING MEDICAMENTO STRING DOSAGEM STRING

    DATA            shift and go to state 7


state 7

    (1) registro -> PACIENTE STRING CPF STRING CONSULTA DATA . STRING CID STRING MEDICAMENTO STRING DOSAGEM STRING

    STRING          shift and go to state 8


state 8

    (1) registro -> PACIENTE STRING CPF STRING CONSULTA DATA STRING . CID STRING MEDICAMENTO STRING DOSAGEM STRING

    CID             shift and go to state 9


state 9

    (1) registro -> PACIENTE STRING CPF STRING CONSULTA DATA STRING CID . STRING MEDICAMENTO STRING DOSAGEM STRING

    STRING          shift and go to state 10


state 10

    (1) registro -> PACIENTE STRING CPF STRING CONSULTA DATA STRING CID STRING . MEDICAMENTO STRING DOSAGEM STRING

    MEDICAMENTO     shift and go to state 11


state 11

    (1) registro -> PACIENTE STRING CPF STRING CONSULTA DATA STRING CID STRING MEDICAMENTO . STRING DOSAGEM STRING

    STRING          shift and go to state 12


state 12

    (1) registro -> PACIENTE STRING CPF STRING CONSULTA DATA STRING CID STRING MEDICAMENTO STRING . DOSAGEM STRING

    DOSAGEM         shift and go to state 13


state 13

    (1) registro -> PACIENTE STRING CPF STRING CONSULTA DATA STRING CID STRING MEDICAMENTO STRING DOSAGEM . STRING

    STRING          shift and go to state 14


state 14

    (1) registro -> PACIENTE STRING CPF STRING CONSULTA DATA STRING CID STRING MEDICAMENTO STRING DOSAGEM STRING .

    $end            reduce using rule 1 (registro -> PACIENTE STRING CPF STRING CONSULTA DATA STRING CID STRING MEDICAMENTO STRING DOSAGEM STRING .)

